{"uuid":"4cfdb2cb-d7b0-4b82-bb3e-8898e0e98f07","historyId":"234fb4ba9268af925d7b6f318689ebd0","fullName":"src/main/resources/FeatureSearch.feature:15","labels":[{"name":"host","value":"PF3XDQCF"},{"name":"thread","value":"6988@PF3XDQCF.main(1)"},{"name":"feature","value":"DemosBellatrix"},{"name":"story","value":"Search"},{"name":"suite","value":"DemosBellatrix"},{"name":"testClass","value":"Search"},{"name":"framework","value":"cucumber4jvm"},{"name":"language","value":"java"},{"name":"gherkin_uri","value":"file:///C:/Users/Haldun35/IdeaProjects/DemosBellatrix/src/main/resources/FeatureSearch.feature"},{"name":"package","value":"src.main.resources.FeatureSearch_feature.DemosBellatrix"}],"links":[],"name":"Search","status":"broken","statusDetails":{"known":false,"muted":false,"flaky":false,"message":"invalid selector: Unable to locate an element with the xpath expression //ul[@class='products columns-4' and \" +\n            \".//*[text()='Add to cart']]//a[.='Add to cart'] because of the following error:\nSyntaxError: Failed to execute 'evaluate' on 'Document': The string '//ul[@class='products columns-4' and \" +\n            \".//*[text()='Add to cart']]//a[.='Add to cart']' is not a valid XPath expression.\n  (Session info: chrome=117.0.5938.152)\nFor documentation on this error, please visit: https://www.selenium.dev/documentation/webdriver/troubleshooting/errors#invalid-selector-exception\nBuild info: version: '4.11.0', revision: '040bc5406b'\nSystem info: os.name: 'Windows 11', os.arch: 'amd64', os.version: '10.0', java.version: '19.0.2'\nDriver info: org.openqa.selenium.chrome.ChromeDriver\nCommand: [c4584436ce2c3a77896eab708033390c, findElements {using=xpath, value=//ul[@class='products columns-4' and \" +\n            \".//*[text()='Add to cart']]//a[.='Add to cart']}]\nCapabilities {acceptInsecureCerts: false, browserName: chrome, browserVersion: 117.0.5938.152, chrome: {chromedriverVersion: 117.0.5938.149 (e3344ddefa1..., userDataDir: C:\\Users\\Haldun35\\AppData\\L...}, fedcm:accounts: true, goog:chromeOptions: {debuggerAddress: localhost:58053}, networkConnectionEnabled: false, pageLoadStrategy: normal, platformName: windows, proxy: Proxy(), se:cdp: ws://localhost:58053/devtoo..., se:cdpVersion: 117.0.5938.152, setWindowRect: true, strictFileInteractability: false, timeouts: {implicit: 0, pageLoad: 300000, script: 30000}, unhandledPromptBehavior: dismiss and notify, webauthn:extension:credBlob: true, webauthn:extension:largeBlob: true, webauthn:extension:minPinLength: true, webauthn:extension:prf: true, webauthn:virtualAuthenticators: true}\nSession ID: c4584436ce2c3a77896eab708033390c","trace":"org.openqa.selenium.InvalidSelectorException: invalid selector: Unable to locate an element with the xpath expression //ul[@class='products columns-4' and \" +\n            \".//*[text()='Add to cart']]//a[.='Add to cart'] because of the following error:\nSyntaxError: Failed to execute 'evaluate' on 'Document': The string '//ul[@class='products columns-4' and \" +\n            \".//*[text()='Add to cart']]//a[.='Add to cart']' is not a valid XPath expression.\n  (Session info: chrome=117.0.5938.152)\nFor documentation on this error, please visit: https://www.selenium.dev/documentation/webdriver/troubleshooting/errors#invalid-selector-exception\nBuild info: version: '4.11.0', revision: '040bc5406b'\nSystem info: os.name: 'Windows 11', os.arch: 'amd64', os.version: '10.0', java.version: '19.0.2'\nDriver info: org.openqa.selenium.chrome.ChromeDriver\nCommand: [c4584436ce2c3a77896eab708033390c, findElements {using=xpath, value=//ul[@class='products columns-4' and \" +\n            \".//*[text()='Add to cart']]//a[.='Add to cart']}]\nCapabilities {acceptInsecureCerts: false, browserName: chrome, browserVersion: 117.0.5938.152, chrome: {chromedriverVersion: 117.0.5938.149 (e3344ddefa1..., userDataDir: C:\\Users\\Haldun35\\AppData\\L...}, fedcm:accounts: true, goog:chromeOptions: {debuggerAddress: localhost:58053}, networkConnectionEnabled: false, pageLoadStrategy: normal, platformName: windows, proxy: Proxy(), se:cdp: ws://localhost:58053/devtoo..., se:cdpVersion: 117.0.5938.152, setWindowRect: true, strictFileInteractability: false, timeouts: {implicit: 0, pageLoad: 300000, script: 30000}, unhandledPromptBehavior: dismiss and notify, webauthn:extension:credBlob: true, webauthn:extension:largeBlob: true, webauthn:extension:minPinLength: true, webauthn:extension:prf: true, webauthn:virtualAuthenticators: true}\nSession ID: c4584436ce2c3a77896eab708033390c\r\n\tat java.base/jdk.internal.reflect.DirectConstructorHandleAccessor.newInstance(DirectConstructorHandleAccessor.java:67)\r\n\tat java.base/java.lang.reflect.Constructor.newInstanceWithCaller(Constructor.java:500)\r\n\tat java.base/java.lang.reflect.Constructor.newInstance(Constructor.java:484)\r\n\tat org.openqa.selenium.remote.codec.w3c.W3CHttpResponseCodec.createException(W3CHttpResponseCodec.java:200)\r\n\tat org.openqa.selenium.remote.codec.w3c.W3CHttpResponseCodec.decode(W3CHttpResponseCodec.java:133)\r\n\tat org.openqa.selenium.remote.codec.w3c.W3CHttpResponseCodec.decode(W3CHttpResponseCodec.java:52)\r\n\tat org.openqa.selenium.remote.HttpCommandExecutor.execute(HttpCommandExecutor.java:191)\r\n\tat org.openqa.selenium.remote.service.DriverCommandExecutor.invokeExecute(DriverCommandExecutor.java:196)\r\n\tat org.openqa.selenium.remote.service.DriverCommandExecutor.execute(DriverCommandExecutor.java:171)\r\n\tat org.openqa.selenium.remote.RemoteWebDriver.execute(RemoteWebDriver.java:518)\r\n\tat org.openqa.selenium.remote.ElementLocation$ElementFinder$2.findElements(ElementLocation.java:182)\r\n\tat org.openqa.selenium.remote.ElementLocation.findElements(ElementLocation.java:103)\r\n\tat org.openqa.selenium.remote.RemoteWebDriver.findElements(RemoteWebDriver.java:368)\r\n\tat org.openqa.selenium.remote.RemoteWebDriver.findElements(RemoteWebDriver.java:362)\r\n\tat org.openqa.selenium.support.pagefactory.DefaultElementLocator.findElements(DefaultElementLocator.java:83)\r\n\tat org.openqa.selenium.support.pagefactory.internal.LocatingElementListHandler.invoke(LocatingElementListHandler.java:36)\r\n\tat jdk.proxy2/jdk.proxy2.$Proxy21.size(Unknown Source)\r\n\tat stepdefs.FindAssertSteps.thereMustBeProductNumberListedProduct(FindAssertSteps.java:41)\r\n\tat ✽.there must be 3 listed product(file:///C:/Users/Haldun35/IdeaProjects/DemosBellatrix/src/main/resources/FeatureSearch.feature:9)\r\n"},"stage":"finished","steps":[{"name":"Given  user on homepage","status":"passed","statusDetails":{"known":false,"muted":false,"flaky":false},"stage":"finished","steps":[],"attachments":[],"parameters":[],"start":1697385052637,"stop":1697385055843},{"name":"Then  homepage should be opened","status":"passed","statusDetails":{"known":false,"muted":false,"flaky":false},"stage":"finished","steps":[],"attachments":[],"parameters":[],"start":1697385055843,"stop":1697385055850},{"name":"When  user search for \"heavy\"","status":"passed","statusDetails":{"known":false,"muted":false,"flaky":false},"stage":"finished","steps":[],"attachments":[],"parameters":[],"start":1697385055850,"stop":1697385061137},{"name":"Then  there must be 3 listed product","status":"broken","statusDetails":{"known":false,"muted":false,"flaky":false,"message":"invalid selector: Unable to locate an element with the xpath expression //ul[@class='products columns-4' and \" +\n            \".//*[text()='Add to cart']]//a[.='Add to cart'] because of the following error:\nSyntaxError: Failed to execute 'evaluate' on 'Document': The string '//ul[@class='products columns-4' and \" +\n            \".//*[text()='Add to cart']]//a[.='Add to cart']' is not a valid XPath expression.\n  (Session info: chrome=117.0.5938.152)\nFor documentation on this error, please visit: https://www.selenium.dev/documentation/webdriver/troubleshooting/errors#invalid-selector-exception\nBuild info: version: '4.11.0', revision: '040bc5406b'\nSystem info: os.name: 'Windows 11', os.arch: 'amd64', os.version: '10.0', java.version: '19.0.2'\nDriver info: org.openqa.selenium.chrome.ChromeDriver\nCommand: [c4584436ce2c3a77896eab708033390c, findElements {using=xpath, value=//ul[@class='products columns-4' and \" +\n            \".//*[text()='Add to cart']]//a[.='Add to cart']}]\nCapabilities {acceptInsecureCerts: false, browserName: chrome, browserVersion: 117.0.5938.152, chrome: {chromedriverVersion: 117.0.5938.149 (e3344ddefa1..., userDataDir: C:\\Users\\Haldun35\\AppData\\L...}, fedcm:accounts: true, goog:chromeOptions: {debuggerAddress: localhost:58053}, networkConnectionEnabled: false, pageLoadStrategy: normal, platformName: windows, proxy: Proxy(), se:cdp: ws://localhost:58053/devtoo..., se:cdpVersion: 117.0.5938.152, setWindowRect: true, strictFileInteractability: false, timeouts: {implicit: 0, pageLoad: 300000, script: 30000}, unhandledPromptBehavior: dismiss and notify, webauthn:extension:credBlob: true, webauthn:extension:largeBlob: true, webauthn:extension:minPinLength: true, webauthn:extension:prf: true, webauthn:virtualAuthenticators: true}\nSession ID: c4584436ce2c3a77896eab708033390c","trace":"org.openqa.selenium.InvalidSelectorException: invalid selector: Unable to locate an element with the xpath expression //ul[@class='products columns-4' and \" +\n            \".//*[text()='Add to cart']]//a[.='Add to cart'] because of the following error:\nSyntaxError: Failed to execute 'evaluate' on 'Document': The string '//ul[@class='products columns-4' and \" +\n            \".//*[text()='Add to cart']]//a[.='Add to cart']' is not a valid XPath expression.\n  (Session info: chrome=117.0.5938.152)\nFor documentation on this error, please visit: https://www.selenium.dev/documentation/webdriver/troubleshooting/errors#invalid-selector-exception\nBuild info: version: '4.11.0', revision: '040bc5406b'\nSystem info: os.name: 'Windows 11', os.arch: 'amd64', os.version: '10.0', java.version: '19.0.2'\nDriver info: org.openqa.selenium.chrome.ChromeDriver\nCommand: [c4584436ce2c3a77896eab708033390c, findElements {using=xpath, value=//ul[@class='products columns-4' and \" +\n            \".//*[text()='Add to cart']]//a[.='Add to cart']}]\nCapabilities {acceptInsecureCerts: false, browserName: chrome, browserVersion: 117.0.5938.152, chrome: {chromedriverVersion: 117.0.5938.149 (e3344ddefa1..., userDataDir: C:\\Users\\Haldun35\\AppData\\L...}, fedcm:accounts: true, goog:chromeOptions: {debuggerAddress: localhost:58053}, networkConnectionEnabled: false, pageLoadStrategy: normal, platformName: windows, proxy: Proxy(), se:cdp: ws://localhost:58053/devtoo..., se:cdpVersion: 117.0.5938.152, setWindowRect: true, strictFileInteractability: false, timeouts: {implicit: 0, pageLoad: 300000, script: 30000}, unhandledPromptBehavior: dismiss and notify, webauthn:extension:credBlob: true, webauthn:extension:largeBlob: true, webauthn:extension:minPinLength: true, webauthn:extension:prf: true, webauthn:virtualAuthenticators: true}\nSession ID: c4584436ce2c3a77896eab708033390c\r\n\tat java.base/jdk.internal.reflect.DirectConstructorHandleAccessor.newInstance(DirectConstructorHandleAccessor.java:67)\r\n\tat java.base/java.lang.reflect.Constructor.newInstanceWithCaller(Constructor.java:500)\r\n\tat java.base/java.lang.reflect.Constructor.newInstance(Constructor.java:484)\r\n\tat org.openqa.selenium.remote.codec.w3c.W3CHttpResponseCodec.createException(W3CHttpResponseCodec.java:200)\r\n\tat org.openqa.selenium.remote.codec.w3c.W3CHttpResponseCodec.decode(W3CHttpResponseCodec.java:133)\r\n\tat org.openqa.selenium.remote.codec.w3c.W3CHttpResponseCodec.decode(W3CHttpResponseCodec.java:52)\r\n\tat org.openqa.selenium.remote.HttpCommandExecutor.execute(HttpCommandExecutor.java:191)\r\n\tat org.openqa.selenium.remote.service.DriverCommandExecutor.invokeExecute(DriverCommandExecutor.java:196)\r\n\tat org.openqa.selenium.remote.service.DriverCommandExecutor.execute(DriverCommandExecutor.java:171)\r\n\tat org.openqa.selenium.remote.RemoteWebDriver.execute(RemoteWebDriver.java:518)\r\n\tat org.openqa.selenium.remote.ElementLocation$ElementFinder$2.findElements(ElementLocation.java:182)\r\n\tat org.openqa.selenium.remote.ElementLocation.findElements(ElementLocation.java:103)\r\n\tat org.openqa.selenium.remote.RemoteWebDriver.findElements(RemoteWebDriver.java:368)\r\n\tat org.openqa.selenium.remote.RemoteWebDriver.findElements(RemoteWebDriver.java:362)\r\n\tat org.openqa.selenium.support.pagefactory.DefaultElementLocator.findElements(DefaultElementLocator.java:83)\r\n\tat org.openqa.selenium.support.pagefactory.internal.LocatingElementListHandler.invoke(LocatingElementListHandler.java:36)\r\n\tat jdk.proxy2/jdk.proxy2.$Proxy21.size(Unknown Source)\r\n\tat stepdefs.FindAssertSteps.thereMustBeProductNumberListedProduct(FindAssertSteps.java:41)\r\n\tat ✽.there must be 3 listed product(file:///C:/Users/Haldun35/IdeaProjects/DemosBellatrix/src/main/resources/FeatureSearch.feature:9)\r\n"},"stage":"finished","steps":[],"attachments":[],"parameters":[],"start":1697385061138,"stop":1697385061166}],"attachments":[],"parameters":[{"name":"searchText","value":"heavy"},{"name":"productNumber","value":"3"}],"start":1697385052637,"stop":1697385061327}